<?xml version="1.0" encoding="UTF-8"?>
<!-- Generated by org.testng.reporters.JUnitReportReporter -->
<testsuite hostname="DESKTOP-61EJR8G" name="Mypackage1.HomePage" tests="2" failures="0" timestamp="28 Jan 2021 03:17:57 GMT" time="47.941" errors="0">
  <testcase name="loginValidation" time="32.069" classname="Mypackage1.HomePage"/>
  <testcase name="loginValidation" time="15.872" classname="Mypackage1.HomePage"/>
</testsuite> <!-- Mypackage1.HomePage -->
