<?xml version="1.0" encoding="UTF-8"?>
<!-- Generated by org.testng.reporters.JUnitReportReporter -->
<testsuite hostname="LAPTOP-MKMVGRDG" name="Mypackage1.validateNavigation" tests="1" failures="0" timestamp="27 Jan 2021 23:49:24 GMT" time="2.657" errors="0">
  <testcase name="navigationBarValidate" time="2.657" classname="Mypackage1.validateNavigation"/>
</testsuite> <!-- Mypackage1.validateNavigation -->
