<?xml version="1.0" encoding="UTF-8"?>
<!-- Generated by org.testng.reporters.JUnitReportReporter -->
<testsuite hostname="DESKTOP-61EJR8G" name="Mypackage1.validateTitle" tests="2" failures="0" timestamp="28 Jan 2021 22:13:34 GMT" time="0.097" errors="0">
  <testcase name="titleValidation" time="0.033" classname="Mypackage1.validateTitle"/>
  <testcase name="bannerValidation" time="0.064" classname="Mypackage1.validateTitle"/>
</testsuite> <!-- Mypackage1.validateTitle -->
