<?xml version="1.0" encoding="UTF-8"?>
<!-- Generated by org.testng.reporters.JUnitReportReporter -->
<testsuite hostname="DESKTOP-61EJR8G" name="cucumberOptions.TestRunner" tests="1" failures="0" timestamp="16 Feb 2021 00:09:36 GMT" time="28.520" errors="0">
  <testcase name="feature" time="28.520" classname="cucumberOptions.TestRunner"/>
</testsuite> <!-- cucumberOptions.TestRunner -->
